@Country=(
AAA_NOT_A_COUNTRY,
Afghanistan,
Ahvenanmaan Lääni,
Albania,
Albanie,
Algeria,
Allemagne,
America,
American Samoa,
Andorra,
Angola,
Anguilla,
Antarctica,
Antigua and Barbuda,
Arab Republic of Egypt,
Argentina,
Argentine Republic,
Armenia,
Aruba,
Australia,
Austria,
Azerbadjan,
Azerbaijan,
Bahamas,
Bahrain,
Bailiwick of Guernsey,
Bailiwick of Jersey,
Bangladesh,
Barbade,
Barbados,
Belarus,
Belfast,
Belgium,
Belize,
Benelux,
Bengal,
Benin,
Bermuda,
Bermudes,
Bhutan,
Bielorussie,
Birma,
Birmanie,
Bolivarian Republic of Venezuela,
Bolivia,
Bonaire,
Bosnia,
Bosnia and Herzegovina,
Bosnia-Herzegovina,
Botswana,
Bouvet Island,
Brazil,
British Indian Ocean Territory,
British Virgin Islands,
Brunei,
Brunei Darussalam,
Bulgaria,
Burkina,
Burkina Faso,
Burundi,
Cambodia,
Cameroon,
Canada,
CapVert,
Caribbean,
Cayman Islands,
Centrafricaine,
Central African Republic,
Chad,
Chile,
China,
Chuuk,
Chypre,
Colombia,
Colombie,
Commonwealth of Australia,
Commonwealth of The Bahamas,
Commonwealth of the Northern Mariana Islands,
Comores,
Comoros,
Congo,
Cook Islands,
Co-operative Republic of Guyana,
Costa-Rica,
Country of Curaçao,
Croatia,
Croatie,
Cuba,
Cyprus,
Czechoslovakia,
Czech Republic,
Democratic People’s Republic of Korea,
Democratic Republic of the Congo,
Democratic Republic of Timor-Leste,
Democratic Socialist Republic of Sri Lanka,
Denmark,
Dominica,
Dominicaine,
Dominican Republic,
Dominique,
Ecuador,
Egypt,
Emirates,
England,
Eritrea,
Estonia,
États-Unis,
Ethiopia,
Falkland Islands,
Faroe Islands,
Federal Democratic Republic of Ethiopia,
Federal Democratic Republic of Nepal,
Federal Republic of Germany,
Federal Republic of Nigeria,
Federated States of Micronesia,
Federation of Saint Kitts and Nevis,
Federative Republic of Brazil,
Fidji,
Fiji,
Finland,
Finlande,
France,
French Republic,
Gabon,
Gabonese Republic,
Gambia,
Gambie,
Georgia,
Germany,
Ghana,
Gibraltar,
Grand Duchy of Luxembourg,
Great Britain,
Greece,
Greenland,
Grenada,
Groenland,
Guadeloupe,
Guam,
Guinea,
Guinea-Bissau,
Guyana,
Guyane,
Haiti,
Haïti,
Hashemite Kingdom of Jordan,
Haut-Zaire,
Hellenic Republic,
Herm,
Hispaniola,
Holland,
Honduras,
Hongkong,
Hong Kong Special Administrative Region,
Hongrie,
Hungary,
Iceland,
Independent State of Papua New Guinea,
Independent State of Samoa,
India,
Indochina,
Indonesia,
Irak,
Iran,
Iraq,
Ireland,
Islamic Republic of Afghanistan,
Islamic Republic of Iran,
Islamic Republic of Mauritania,
Islamic Republic of Pakistan,
Isle of Man,
Israel,
Israël,
Italy,
Jamaica,
Jamaïque,
Japan,
Japon,
Jordan,
Katar,
Kazakhie,
Kazakhstan,
Kenya,
Kingdom of Bahrain,
Kingdom of Belgium,
Kingdom of Bhutan,
Kingdom of Cambodia,
Kingdom of Denmark,
Kingdom of Lesotho,
Kingdom of Morocco,
Kingdom of Norway,
Kingdom of Saudi Arabia,
Kingdom of Spain,
Kingdom of Swaziland,
Kingdom of Sweden,
Kingdom of Thailand,
Kingdom of the Netherlands,
Kingdom of Tonga,
Kirghizie,
Kirghizistan,
Kirghiztan,
Korea,
Kosovo,
Kyrgyz Republic,
Kyrgyzstan,
Lao People’s Democratic Republic,
Laos,
Lebanon,
Lesotho,
Lettonie,
Liban,
Liberia,
Libya,
Liechtenstein,
Lithuania,
Lituanie,
Macao,
Macau Special Administrative Region,
Macedonia,
Madagascar,
Madeira,
Malaisie,
Malawi,
Malaysia,
Maldives,
Mali,
Malte,
Maroc,
Martinique,
Maurétanie,
Maurice,
Mauritania,
Mauritanie,
Mayotte,
Mexico,
Mexique,
Micronesia,
Moldavia,
Moldavie,
Moldova,
Mongolia,
Mongolie,
Montenegro,
Montserrat,
Morocco,
Moyle,
Mozambique,
Myanma,
Myanmar,
Namibia,
Namibie,
Nauru,
Nepal,
Netherlands,
Nevis,
New Caledonia,
Newfoundland,
New Guinea,
New Zealand,
Nicaragua,
Niger,
Nigeria,
Niue,
Norvège,
Norway,
Nouvelle-Calédonie,
Nunavut,
Oman,
Oriental Republic of Uruguay,
Ouganda,
Ouzbékistan,
Pakistan,
Palestine,
Papoua,
Papouasie,
Paraguay,
People’s Democratic Republic of Algeria,
People’s Republic of China,
Pérou,
Peru,
Philippines,
Pitcairn,
Plurinational State of Bolivia,
Poland,
Polynésie Française,
Portugal,
Portuguese Republic,
Powys,
Principality of Andorra,
Principality of Liechtenstein,
Principality of Monaco,
Providencia,
Puerto Rico,
Puerto-Rico,
Qatar,
Repubblica di San Marino,
Repubblica Italiana,
Republic of Albania,
Republic of Angola,
Republic of Armenia,
Republic of Austria,
Republic of Azerbaijan,
Republic of Belarus,
Republic of Benin,
Republic of Botswana,
Republic of Bulgaria,
Republic of Burundi,
Republic of Cabo Verde,
Republic of Cameroon,
Republic of Chad,
Republic of Chile,
Republic of Colombia,
Republic of Costa Rica,
Republic of Côte d’Ivoire,
Republic of Croatia,
Republic of Cuba,
Republic of Cyprus,
Republic of Djibouti,
Republic of Ecuador,
Republic of El Salvador,
Republic of Equatorial Guinea,
Republic of Estonia,
Republic of Fiji,
Republic of Finland,
Republic of France,
Republic of Ghana,
Republic of Guatemala,
Republic of Guinea,
Republic of Guinea-Bissau,
Republic of Haiti,
Republic of Honduras,
Republic of Iceland,
Republic of India,
Republic of Indonesia,
Republic of Iraq,
Republic of Kazakhstan,
Republic of Kenya,
Republic of Kiribati,
Republic of Korea,
Republic of Kosovo,
Republic of Latvia,
Republic of Liberia,
Republic of Lithuania,
Republic of Macedonia,
Republic of Madagascar,
Republic of Malawi,
Republic of Maldives,
Republic of Mali,
Republic of Malta,
Republic of Mauritius,
Republic of Moldova,
Republic of Mozambique,
Republic of Namibia,
Republic of Nicaragua,
Republic of Niger,
Republic of Palau,
Republic of Panama,
Republic of Paraguay,
Republic of Peru,
Republic of Poland,
Republic of Rwanda,
Republic of Senegal,
Republic of Seychelles,
Republic of Sierra Leone,
Republic of Singapore,
Republic of Slovenia,
Republic of South Africa,
Republic of Suriname,
Republic of Tajikistan,
Republic of the Congo,
Republic of the Marshall Islands,
Republic of the Philippines,
Republic of the Sudan,
Republic of Trinidad and Tobago,
Republic of Tunisia,
Republic of Turkey,
Republic of Uganda,
Republic of Uzbekistan,
Republic of Vanuatu,
Republic of Yemen,
Republic of Zambia,
Republic of Zimbabwe,
Reunion,
Romania,
România,
Rouanda,
Russia,
Russian Federation,
Saint-Barthélemy,
Sainte-Lucie,
Saint Helena,
Saint Lucia,
Saint-Martin,
Saint-Pierreet,
Saint-Pierre et Miquelon,
Saint Vincent and the Grenadines,
Sao Tome and Principe,
Senegal,
Serbia,
Sierra-Leone,
Sint Maarten,
Slovakia,
Slovak Republic,
Slovenia,
Socialist Republic of Vietnam,
Solomon Islands,
Somali,
Somalia,
Sonora,
South Africa,
South Georgia and the South Sandwich Islands,
South Sudan,
Spain,
SriLanka,
Sri Lanka,
Sri-Lanka,
State of Eritrea,
State of Israel,
State of Kuwait,
State of Qatar,
State of the Vatican City,
Sudan,
Sultanate of Oman,
Svalbard,
Svalbard and Jan Mayen,
Swaziland,
Sweden,
Swiss Confederation,
Switzerland,
Syria,
Syrian Arab Republic,
Tadjikistan,
Taiwan,
Tajikistan,
Tanzania,
Tasmania,
Tchècoslovaquie,
Territory of Christmas Island,
Territory of Cocos,
Territory of Heard Island and McDonald Islands,
Territory of Norfolk Island,
Territory of the French Southern and Antarctic Lands,
Thailand,
Togolese Republic,
Tokelau,
Tonga,
Toro,
Tunisia,
Turkey,
Turkmenistan,
Turkménistan,
Turks and Caicos Islands,
Tuvalu,
UAE,
Uganda,
UK,
Ukraine,
Union of Burma,
Union of the Comoros,
United Arab Emirates,
United Arab Republic,
United Kingdom of Great Britain and Northern Ireland,
United Republic of Tanzania,
United States,
United States Minor Outlying Islands,
US,
USA,
U.S.A.,
USSR,
U.S.S.R.,
Uzbekistan,
Vietnam,
Viètnam,
Virgin Islands of the United States,
Wallis et Futuna,
Western Sahara,
West Germany,
Yemen,
Yugoslavia,
Zaire,
Zambia
)
